0 verbose cli /root/.nvm/versions/node/v18.20.7/bin/node /root/.nvm/versions/node/v18.20.7/bin/npm
1 info using npm@10.8.2
2 info using node@v18.20.7
3 silly config load:file:/root/.nvm/versions/node/v18.20.7/lib/node_modules/npm/npmrc
4 silly config load:file:/root/my-node-app/.npmrc
5 silly config load:file:/root/.npmrc
6 silly config load:file:/root/.nvm/versions/node/v18.20.7/etc/npmrc
7 verbose title npm run dev
8 verbose argv "run" "dev"
9 verbose logfile logs-max:10 dir:/root/.npm/_logs/2025-02-25T05_09_43_374Z-
10 verbose logfile /root/.npm/_logs/2025-02-25T05_09_43_374Z-debug-0.log
11 silly logfile start cleaning logs, removing 1 files
12 silly logfile done cleaning log files
13 verbose stack Error: Missing script: "dev"
13 verbose stack
13 verbose stack To see a list of scripts, run:
13 verbose stack   npm run
13 verbose stack     at #run (/root/.nvm/versions/node/v18.20.7/lib/node_modules/npm/lib/commands/run-script.js:110:13)
13 verbose stack     at async RunScript.exec (/root/.nvm/versions/node/v18.20.7/lib/node_modules/npm/lib/commands/run-script.js:39:7)
13 verbose stack     at async Npm.exec (/root/.nvm/versions/node/v18.20.7/lib/node_modules/npm/lib/npm.js:207:9)
13 verbose stack     at async module.exports (/root/.nvm/versions/node/v18.20.7/lib/node_modules/npm/lib/cli/entry.js:74:5)
14 error Missing script: "dev"
14 error
14 error To see a list of scripts, run:
14 error   npm run
15 verbose cwd /root/my-node-app
16 verbose os Linux 5.4.0-99-generic
17 verbose node v18.20.7
18 verbose npm  v10.8.2
19 verbose exit 1
20 verbose code 1
21 error A complete log of this run can be found in: /root/.npm/_logs/2025-02-25T05_09_43_374Z-debug-0.log
