0 verbose cli /root/.nvm/versions/node/v18.20.7/bin/node /root/.nvm/versions/node/v18.20.7/bin/npm
1 info using npm@10.8.2
2 info using node@v18.20.7
3 silly config load:file:/root/.nvm/versions/node/v18.20.7/lib/node_modules/npm/npmrc
4 silly config load:file:/root/.npmrc
5 silly config load:file:/root/.nvm/versions/node/v18.20.7/etc/npmrc
6 verbose title npm install nodemon
7 verbose argv "install" "--save-dev" "nodemon"
8 verbose logfile logs-max:10 dir:/root/.npm/_logs/2025-02-25T05_09_28_087Z-
9 verbose logfile /root/.npm/_logs/2025-02-25T05_09_28_087Z-debug-0.log
10 silly packumentCache heap:4345298944 maxSize:1086324736 maxEntrySize:543162368
11 silly logfile done cleaning log files
12 silly idealTree buildDeps
13 silly fetch manifest nodemon@^3.1.9
14 silly packumentCache full:https://registry.npmjs.org/nodemon cache-miss
15 http fetch GET 200 https://registry.npmjs.org/nodemon 42ms (cache hit)
16 silly packumentCache full:https://registry.npmjs.org/nodemon set size:648861 disposed:false
17 silly placeDep ROOT nodemon@3.1.9 REPLACE for: root@1.0.0 want: ^3.1.9
18 silly reify moves {}
19 silly audit bulk request {
19 silly audit   '@mongodb-js/saslprep': [ '1.2.0' ],
19 silly audit   '@types/webidl-conversions': [ '7.0.3' ],
19 silly audit   '@types/whatwg-url': [ '11.0.5' ],
19 silly audit   accepts: [ '1.3.8' ],
19 silly audit   anymatch: [ '3.1.3' ],
19 silly audit   'array-flatten': [ '1.1.1' ],
19 silly audit   'balanced-match': [ '1.0.2' ],
19 silly audit   'binary-extensions': [ '2.3.0' ],
19 silly audit   'body-parser': [ '1.20.3' ],
19 silly audit   debug: [ '2.6.9', '4.4.0' ],
19 silly audit   ms: [ '2.0.0', '2.1.3' ],
19 silly audit   'brace-expansion': [ '1.1.11' ],
19 silly audit   braces: [ '3.0.3' ],
19 silly audit   bson: [ '6.10.3' ],
19 silly audit   bytes: [ '3.1.2' ],
19 silly audit   'call-bind-apply-helpers': [ '1.0.2' ],
19 silly audit   'call-bound': [ '1.0.3' ],
19 silly audit   chokidar: [ '3.6.0' ],
19 silly audit   'concat-map': [ '0.0.1' ],
19 silly audit   'content-disposition': [ '0.5.4' ],
19 silly audit   'content-type': [ '1.0.5' ],
19 silly audit   cookie: [ '0.7.1' ],
19 silly audit   'cookie-signature': [ '1.0.6' ],
19 silly audit   depd: [ '2.0.0' ],
19 silly audit   destroy: [ '1.2.0' ],
19 silly audit   dotenv: [ '16.4.7' ],
19 silly audit   'dunder-proto': [ '1.0.1' ],
19 silly audit   'ee-first': [ '1.1.1' ],
19 silly audit   encodeurl: [ '2.0.0', '1.0.2' ],
19 silly audit   'es-define-property': [ '1.0.1' ],
19 silly audit   'es-errors': [ '1.3.0' ],
19 silly audit   'es-object-atoms': [ '1.1.1' ],
19 silly audit   'escape-html': [ '1.0.3' ],
19 silly audit   etag: [ '1.8.1' ],
19 silly audit   express: [ '4.21.2' ],
19 silly audit   'fill-range': [ '7.1.1' ],
19 silly audit   finalhandler: [ '1.3.1' ],
19 silly audit   forwarded: [ '0.2.0' ],
19 silly audit   fresh: [ '0.5.2' ],
19 silly audit   fsevents: [ '2.3.3' ],
19 silly audit   'function-bind': [ '1.1.2' ],
19 silly audit   'get-intrinsic': [ '1.3.0' ],
19 silly audit   'get-proto': [ '1.0.1' ],
19 silly audit   'glob-parent': [ '5.1.2' ],
19 silly audit   gopd: [ '1.2.0' ],
19 silly audit   'has-flag': [ '3.0.0' ],
19 silly audit   'has-symbols': [ '1.1.0' ],
19 silly audit   hasown: [ '2.0.2' ],
19 silly audit   'http-errors': [ '2.0.0' ],
19 silly audit   'iconv-lite': [ '0.4.24' ],
19 silly audit   'ignore-by-default': [ '1.0.1' ],
19 silly audit   inherits: [ '2.0.4' ],
19 silly audit   'ipaddr.js': [ '1.9.1' ],
19 silly audit   'is-binary-path': [ '2.1.0' ],
19 silly audit   'is-extglob': [ '2.1.1' ],
19 silly audit   'is-glob': [ '4.0.3' ],
19 silly audit   'is-number': [ '7.0.0' ],
19 silly audit   kareem: [ '2.6.3' ],
19 silly audit   'math-intrinsics': [ '1.1.0' ],
19 silly audit   'media-typer': [ '0.3.0' ],
19 silly audit   'memory-pager': [ '1.5.0' ],
19 silly audit   'merge-descriptors': [ '1.0.3' ],
19 silly audit   methods: [ '1.1.2' ],
19 silly audit   mime: [ '1.6.0' ],
19 silly audit   'mime-db': [ '1.52.0' ],
19 silly audit   'mime-types': [ '2.1.35' ],
19 silly audit   minimatch: [ '3.1.2' ],
19 silly audit   mongodb: [ '6.13.1' ],
19 silly audit   'mongodb-connection-string-url': [ '3.0.2' ],
19 silly audit   mongoose: [ '8.10.1' ],
19 silly audit   mpath: [ '0.9.0' ],
19 silly audit   mquery: [ '5.0.0' ],
19 silly audit   negotiator: [ '0.6.3' ],
19 silly audit   'normalize-path': [ '3.0.0' ],
19 silly audit   'object-inspect': [ '1.13.4' ],
19 silly audit   'on-finished': [ '2.4.1' ],
19 silly audit   parseurl: [ '1.3.3' ],
19 silly audit   'path-to-regexp': [ '0.1.12' ],
19 silly audit   picomatch: [ '2.3.1' ],
19 silly audit   'proxy-addr': [ '2.0.7' ],
19 silly audit   'pstree.remy': [ '1.1.8' ],
19 silly audit   punycode: [ '2.3.1' ],
19 silly audit   qs: [ '6.13.0' ],
19 silly audit   'range-parser': [ '1.2.1' ],
19 silly audit   'raw-body': [ '2.5.2' ],
19 silly audit   readdirp: [ '3.6.0' ],
19 silly audit   'safe-buffer': [ '5.2.1' ],
19 silly audit   'safer-buffer': [ '2.1.2' ],
19 silly audit   semver: [ '7.7.1' ],
19 silly audit   send: [ '0.19.0' ],
19 silly audit   'serve-static': [ '1.16.2' ],
19 silly audit   setprototypeof: [ '1.2.0' ],
19 silly audit   'side-channel': [ '1.1.0' ],
19 silly audit   'side-channel-list': [ '1.0.0' ],
19 silly audit   'side-channel-map': [ '1.0.1' ],
19 silly audit   'side-channel-weakmap': [ '1.0.2' ],
19 silly audit   sift: [ '17.1.3' ],
19 silly audit   'simple-update-notifier': [ '2.0.0' ],
19 silly audit   'sparse-bitfield': [ '3.0.3' ],
19 silly audit   statuses: [ '2.0.1' ],
19 silly audit   'supports-color': [ '5.5.0' ],
19 silly audit   'to-regex-range': [ '5.0.1' ],
19 silly audit   toidentifier: [ '1.0.1' ],
19 silly audit   touch: [ '3.1.1' ],
19 silly audit   tr46: [ '5.0.0' ],
19 silly audit   'type-is': [ '1.6.18' ],
19 silly audit   undefsafe: [ '2.0.5' ],
19 silly audit   unpipe: [ '1.0.0' ],
19 silly audit   'utils-merge': [ '1.0.1' ],
19 silly audit   vary: [ '1.1.2' ],
19 silly audit   'webidl-conversions': [ '7.0.0' ],
19 silly audit   'whatwg-url': [ '14.1.1' ],
19 silly audit   nodemon: [ '3.1.9' ]
19 silly audit }
20 verbose reify failed optional dependency /root/node_modules/fsevents
21 silly reify mark deleted [ '/root/node_modules/fsevents' ]
22 http fetch POST 200 https://registry.npmjs.org/-/npm/v1/security/advisories/bulk 303ms
23 silly audit report {}
24 silly ADD
25 verbose cwd /root
26 verbose os Linux 5.4.0-99-generic
27 verbose node v18.20.7
28 verbose npm  v10.8.2
29 verbose exit 0
30 info ok
