0 verbose cli /root/.nvm/versions/node/v18.20.7/bin/node /root/.nvm/versions/node/v18.20.7/bin/npm
1 info using npm@10.8.2
2 info using node@v18.20.7
3 silly config load:file:/root/.nvm/versions/node/v18.20.7/lib/node_modules/npm/npmrc
4 silly config load:file:/root/my-node-app/.npmrc
5 silly config load:file:/root/.npmrc
6 silly config load:file:/root/.nvm/versions/node/v18.20.7/etc/npmrc
7 verbose title npm install express mongoose dotenv
8 verbose argv "install" "express" "mongoose" "dotenv"
9 verbose logfile logs-max:10 dir:/root/.npm/_logs/2025-02-25T05_09_41_180Z-
10 verbose logfile /root/.npm/_logs/2025-02-25T05_09_41_180Z-debug-0.log
11 silly packumentCache heap:4345298944 maxSize:1086324736 maxEntrySize:543162368
12 silly logfile start cleaning logs, removing 1 files
13 silly logfile done cleaning log files
14 silly idealTree buildDeps
15 silly fetch manifest dotenv@^16.4.7
16 silly packumentCache full:https://registry.npmjs.org/dotenv cache-miss
17 http fetch GET 200 https://registry.npmjs.org/dotenv 38ms (cache hit)
18 silly packumentCache full:https://registry.npmjs.org/dotenv set size:236043 disposed:false
19 silly fetch manifest express@^4.21.2
20 silly packumentCache full:https://registry.npmjs.org/express cache-miss
21 http fetch GET 200 https://registry.npmjs.org/express 6ms (cache hit)
22 silly packumentCache full:https://registry.npmjs.org/express set size:784012 disposed:false
23 silly fetch manifest mongoose@^8.10.1
24 silly packumentCache full:https://registry.npmjs.org/mongoose cache-miss
25 http fetch GET 200 https://registry.npmjs.org/mongoose 14ms (cache hit)
26 silly packumentCache full:https://registry.npmjs.org/mongoose set size:3625737 disposed:false
27 silly placeDep ROOT dotenv@16.4.7 REPLACE for: my-node-app@1.0.0 want: ^16.4.7
28 silly placeDep ROOT express@4.21.2 REPLACE for: my-node-app@1.0.0 want: ^4.21.2
29 silly placeDep ROOT mongoose@8.10.1 REPLACE for: my-node-app@1.0.0 want: ^8.10.1
30 silly reify moves {}
31 silly audit bulk request {
31 silly audit   '@mongodb-js/saslprep': [ '1.2.0' ],
31 silly audit   '@types/webidl-conversions': [ '7.0.3' ],
31 silly audit   '@types/whatwg-url': [ '11.0.5' ],
31 silly audit   accepts: [ '1.3.8' ],
31 silly audit   'array-flatten': [ '1.1.1' ],
31 silly audit   'body-parser': [ '1.20.3' ],
31 silly audit   bson: [ '6.10.3' ],
31 silly audit   bytes: [ '3.1.2' ],
31 silly audit   'call-bind-apply-helpers': [ '1.0.2' ],
31 silly audit   'call-bound': [ '1.0.3' ],
31 silly audit   'content-disposition': [ '0.5.4' ],
31 silly audit   'content-type': [ '1.0.5' ],
31 silly audit   cookie: [ '0.7.1' ],
31 silly audit   'cookie-signature': [ '1.0.6' ],
31 silly audit   debug: [ '2.6.9', '4.4.0' ],
31 silly audit   depd: [ '2.0.0' ],
31 silly audit   destroy: [ '1.2.0' ],
31 silly audit   'dunder-proto': [ '1.0.1' ],
31 silly audit   'ee-first': [ '1.1.1' ],
31 silly audit   encodeurl: [ '2.0.0', '1.0.2' ],
31 silly audit   'es-define-property': [ '1.0.1' ],
31 silly audit   'es-errors': [ '1.3.0' ],
31 silly audit   'es-object-atoms': [ '1.1.1' ],
31 silly audit   'escape-html': [ '1.0.3' ],
31 silly audit   etag: [ '1.8.1' ],
31 silly audit   finalhandler: [ '1.3.1' ],
31 silly audit   forwarded: [ '0.2.0' ],
31 silly audit   fresh: [ '0.5.2' ],
31 silly audit   'function-bind': [ '1.1.2' ],
31 silly audit   'get-intrinsic': [ '1.3.0' ],
31 silly audit   'get-proto': [ '1.0.1' ],
31 silly audit   gopd: [ '1.2.0' ],
31 silly audit   'has-symbols': [ '1.1.0' ],
31 silly audit   hasown: [ '2.0.2' ],
31 silly audit   'http-errors': [ '2.0.0' ],
31 silly audit   'iconv-lite': [ '0.4.24' ],
31 silly audit   inherits: [ '2.0.4' ],
31 silly audit   'ipaddr.js': [ '1.9.1' ],
31 silly audit   kareem: [ '2.6.3' ],
31 silly audit   'math-intrinsics': [ '1.1.0' ],
31 silly audit   'media-typer': [ '0.3.0' ],
31 silly audit   'memory-pager': [ '1.5.0' ],
31 silly audit   'merge-descriptors': [ '1.0.3' ],
31 silly audit   methods: [ '1.1.2' ],
31 silly audit   mime: [ '1.6.0' ],
31 silly audit   'mime-db': [ '1.52.0' ],
31 silly audit   'mime-types': [ '2.1.35' ],
31 silly audit   mongodb: [ '6.13.1' ],
31 silly audit   'mongodb-connection-string-url': [ '3.0.2' ],
31 silly audit   ms: [ '2.1.3', '2.0.0' ],
31 silly audit   mpath: [ '0.9.0' ],
31 silly audit   mquery: [ '5.0.0' ],
31 silly audit   negotiator: [ '0.6.3' ],
31 silly audit   'object-inspect': [ '1.13.4' ],
31 silly audit   'on-finished': [ '2.4.1' ],
31 silly audit   parseurl: [ '1.3.3' ],
31 silly audit   'path-to-regexp': [ '0.1.12' ],
31 silly audit   'proxy-addr': [ '2.0.7' ],
31 silly audit   punycode: [ '2.3.1' ],
31 silly audit   qs: [ '6.13.0' ],
31 silly audit   'range-parser': [ '1.2.1' ],
31 silly audit   'raw-body': [ '2.5.2' ],
31 silly audit   'safe-buffer': [ '5.2.1' ],
31 silly audit   'safer-buffer': [ '2.1.2' ],
31 silly audit   send: [ '0.19.0' ],
31 silly audit   'serve-static': [ '1.16.2' ],
31 silly audit   setprototypeof: [ '1.2.0' ],
31 silly audit   'side-channel': [ '1.1.0' ],
31 silly audit   'side-channel-list': [ '1.0.0' ],
31 silly audit   'side-channel-map': [ '1.0.1' ],
31 silly audit   'side-channel-weakmap': [ '1.0.2' ],
31 silly audit   sift: [ '17.1.3' ],
31 silly audit   'sparse-bitfield': [ '3.0.3' ],
31 silly audit   statuses: [ '2.0.1' ],
31 silly audit   toidentifier: [ '1.0.1' ],
31 silly audit   tr46: [ '5.0.0' ],
31 silly audit   'type-is': [ '1.6.18' ],
31 silly audit   unpipe: [ '1.0.0' ],
31 silly audit   'utils-merge': [ '1.0.1' ],
31 silly audit   vary: [ '1.1.2' ],
31 silly audit   'webidl-conversions': [ '7.0.0' ],
31 silly audit   'whatwg-url': [ '14.1.1' ],
31 silly audit   dotenv: [ '16.4.7' ],
31 silly audit   express: [ '4.21.2' ],
31 silly audit   mongoose: [ '8.10.1' ]
31 silly audit }
32 http fetch POST 200 https://registry.npmjs.org/-/npm/v1/security/advisories/bulk 320ms
33 silly audit report {}
34 verbose cwd /root/my-node-app
35 verbose os Linux 5.4.0-99-generic
36 verbose node v18.20.7
37 verbose npm  v10.8.2
38 verbose exit 0
39 info ok
