0 verbose cli /root/.nvm/versions/node/v18.20.7/bin/node /root/.nvm/versions/node/v18.20.7/bin/npm
1 info using npm@10.8.2
2 info using node@v18.20.7
3 silly config load:file:/root/.nvm/versions/node/v18.20.7/lib/node_modules/npm/npmrc
4 silly config load:file:/root/my-node-app/.npmrc
5 silly config load:file:/root/.npmrc
6 silly config load:file:/root/.nvm/versions/node/v18.20.7/etc/npmrc
7 verbose title npm init
8 verbose argv "init" "--yes"
9 verbose logfile logs-max:10 dir:/root/.npm/_logs/2025-02-25T05_09_40_656Z-
10 verbose logfile /root/.npm/_logs/2025-02-25T05_09_40_656Z-debug-0.log
11 silly logfile done cleaning log files
12 silly package data {
12 silly package data   name: 'my-node-app',
12 silly package data   version: '1.0.0',
12 silly package data   main: 'index.js',
12 silly package data   scripts: {
12 silly package data     test: 'echo "Error: no test specified" && exit 1',
12 silly package data     start: 'node server.js'
12 silly package data   },
12 silly package data   keywords: [],
12 silly package data   author: '',
12 silly package data   license: 'ISC',
12 silly package data   dependencies: { dotenv: '^16.4.7', express: '^4.21.2', mongoose: '^8.10.1' },
12 silly package data   devDependencies: {},
12 silly package data   description: '',
12 silly package data   [Symbol(newline)]: '\n',
12 silly package data   [Symbol(indent)]: '  '
12 silly package data }
13 verbose cwd /root/my-node-app
14 verbose os Linux 5.4.0-99-generic
15 verbose node v18.20.7
16 verbose npm  v10.8.2
17 verbose exit 0
18 info ok
