0 verbose cli /root/.nvm/versions/node/v18.20.7/bin/node /root/.nvm/versions/node/v18.20.7/bin/npm
1 info using npm@10.8.2
2 info using node@v18.20.7
3 silly config load:file:/root/.nvm/versions/node/v18.20.7/lib/node_modules/npm/npmrc
4 silly config load:file:/root/.npmrc
5 silly config load:file:/root/.nvm/versions/node/v18.20.7/etc/npmrc
6 verbose title npm init
7 verbose argv "init" "--yes"
8 verbose logfile logs-max:10 dir:/root/.npm/_logs/2025-02-25T05_09_25_520Z-
9 verbose logfile /root/.npm/_logs/2025-02-25T05_09_25_520Z-debug-0.log
10 silly logfile done cleaning log files
11 silly package data {
11 silly package data   scripts: { start: 'node server.js', dev: 'nodemon server.js' },
11 silly package data   devDependencies: { nodemon: '^3.1.9' },
11 silly package data   name: 'root',
11 silly package data   version: '1.0.0',
11 silly package data   description: '',
11 silly package data   main: 'server.js',
11 silly package data   dependencies: {
11 silly package data     anymatch: '^3.1.3',
11 silly package data     'balanced-match': '^1.0.2',
11 silly package data     'binary-extensions': '^2.3.0',
11 silly package data     'brace-expansion': '^1.1.11',
11 silly package data     braces: '^3.0.3',
11 silly package data     chokidar: '^3.6.0',
11 silly package data     'concat-map': '^0.0.1',
11 silly package data     debug: '^4.4.0',
11 silly package data     'fill-range': '^7.1.1',
11 silly package data     'glob-parent': '^5.1.2',
11 silly package data     'has-flag': '^3.0.0',
11 silly package data     'ignore-by-default': '^1.0.1',
11 silly package data     'is-binary-path': '^2.1.0',
11 silly package data     'is-extglob': '^2.1.1',
11 silly package data     'is-glob': '^4.0.3',
11 silly package data     'is-number': '^7.0.0',
11 silly package data     minimatch: '^3.1.2',
11 silly package data     ms: '^2.1.3',
11 silly package data     'normalize-path': '^3.0.0',
11 silly package data     picomatch: '^2.3.1',
11 silly package data     'pstree.remy': '^1.1.8',
11 silly package data     readdirp: '^3.6.0',
11 silly package data     semver: '^7.7.1',
11 silly package data     'simple-update-notifier': '^2.0.0',
11 silly package data     'supports-color': '^5.5.0',
11 silly package data     'to-regex-range': '^5.0.1',
11 silly package data     touch: '^3.1.1',
11 silly package data     undefsafe: '^2.0.5'
11 silly package data   },
11 silly package data   keywords: [],
11 silly package data   author: '',
11 silly package data   license: 'ISC',
11 silly package data   [Symbol(newline)]: '\n',
11 silly package data   [Symbol(indent)]: '  '
11 silly package data }
12 verbose cwd /root
13 verbose os Linux 5.4.0-99-generic
14 verbose node v18.20.7
15 verbose npm  v10.8.2
16 verbose exit 0
17 info ok
