0 verbose cli /root/.nvm/versions/node/v18.20.7/bin/node /root/.nvm/versions/node/v18.20.7/bin/npm
1 info using npm@10.8.2
2 info using node@v18.20.7
3 silly config load:file:/root/.nvm/versions/node/v18.20.7/lib/node_modules/npm/npmrc
4 silly config load:file:/root/.npmrc
5 silly config load:file:/root/.nvm/versions/node/v18.20.7/etc/npmrc
6 verbose title npm install express mongoose dotenv
7 verbose argv "install" "express" "mongoose" "dotenv"
8 verbose logfile logs-max:10 dir:/root/.npm/_logs/2025-02-25T05_09_26_045Z-
9 verbose logfile /root/.npm/_logs/2025-02-25T05_09_26_045Z-debug-0.log
10 silly packumentCache heap:4345298944 maxSize:1086324736 maxEntrySize:543162368
11 silly logfile done cleaning log files
12 silly idealTree buildDeps
13 silly fetch manifest express@*
14 silly packumentCache full:https://registry.npmjs.org/express cache-miss
15 http fetch GET 200 https://registry.npmjs.org/express 27ms (cache hit)
16 silly packumentCache full:https://registry.npmjs.org/express set size:784012 disposed:false
17 silly fetch manifest mongoose@*
18 silly packumentCache full:https://registry.npmjs.org/mongoose cache-miss
19 http fetch GET 200 https://registry.npmjs.org/mongoose 14ms (cache hit)
20 silly packumentCache full:https://registry.npmjs.org/mongoose set size:3625737 disposed:false
21 silly fetch manifest dotenv@*
22 silly packumentCache full:https://registry.npmjs.org/dotenv cache-miss
23 http fetch GET 200 https://registry.npmjs.org/dotenv 9ms (cache hit)
24 silly packumentCache full:https://registry.npmjs.org/dotenv set size:236043 disposed:false
25 silly placeDep ROOT dotenv@16.4.7 OK for: root@1.0.0 want: *
26 silly placeDep ROOT express@4.21.2 OK for: root@1.0.0 want: *
27 silly placeDep ROOT mongoose@8.10.1 OK for: root@1.0.0 want: *
28 silly fetch manifest qs@6.13.0
29 silly packumentCache full:https://registry.npmjs.org/qs cache-miss
30 silly fetch manifest depd@2.0.0
31 silly packumentCache full:https://registry.npmjs.org/depd cache-miss
32 silly fetch manifest etag@~1.8.1
33 silly packumentCache full:https://registry.npmjs.org/etag cache-miss
34 silly fetch manifest send@0.19.0
35 silly packumentCache full:https://registry.npmjs.org/send cache-miss
36 silly fetch manifest vary@~1.1.2
37 silly packumentCache full:https://registry.npmjs.org/vary cache-miss
38 silly fetch manifest debug@2.6.9
39 silly packumentCache full:https://registry.npmjs.org/debug cache-miss
40 silly fetch manifest fresh@0.5.2
41 silly packumentCache full:https://registry.npmjs.org/fresh cache-miss
42 silly fetch manifest cookie@0.7.1
43 silly packumentCache full:https://registry.npmjs.org/cookie cache-miss
44 silly fetch manifest accepts@~1.3.8
45 silly packumentCache full:https://registry.npmjs.org/accepts cache-miss
46 silly fetch manifest methods@~1.1.2
47 silly packumentCache full:https://registry.npmjs.org/methods cache-miss
48 silly fetch manifest type-is@~1.6.18
49 silly packumentCache full:https://registry.npmjs.org/type-is cache-miss
50 silly fetch manifest parseurl@~1.3.3
51 silly packumentCache full:https://registry.npmjs.org/parseurl cache-miss
52 silly fetch manifest statuses@2.0.1
53 silly packumentCache full:https://registry.npmjs.org/statuses cache-miss
54 silly fetch manifest encodeurl@~2.0.0
55 silly packumentCache full:https://registry.npmjs.org/encodeurl cache-miss
56 silly fetch manifest proxy-addr@~2.0.7
57 silly packumentCache full:https://registry.npmjs.org/proxy-addr cache-miss
58 silly fetch manifest body-parser@1.20.3
59 silly packumentCache full:https://registry.npmjs.org/body-parser cache-miss
60 silly fetch manifest escape-html@~1.0.3
61 silly packumentCache full:https://registry.npmjs.org/escape-html cache-miss
62 silly fetch manifest http-errors@2.0.0
63 silly packumentCache full:https://registry.npmjs.org/http-errors cache-miss
64 silly fetch manifest on-finished@2.4.1
65 silly packumentCache full:https://registry.npmjs.org/on-finished cache-miss
66 silly fetch manifest safe-buffer@5.2.1
67 silly packumentCache full:https://registry.npmjs.org/safe-buffer cache-miss
68 silly fetch manifest utils-merge@1.0.1
69 silly packumentCache full:https://registry.npmjs.org/utils-merge cache-miss
70 silly fetch manifest content-type@~1.0.4
71 silly packumentCache full:https://registry.npmjs.org/content-type cache-miss
72 silly fetch manifest finalhandler@1.3.1
73 silly packumentCache full:https://registry.npmjs.org/finalhandler cache-miss
74 silly fetch manifest range-parser@~1.2.1
75 silly packumentCache full:https://registry.npmjs.org/range-parser cache-miss
76 silly fetch manifest serve-static@1.16.2
77 silly packumentCache full:https://registry.npmjs.org/serve-static cache-miss
78 silly fetch manifest array-flatten@1.1.1
79 silly packumentCache full:https://registry.npmjs.org/array-flatten cache-miss
80 silly fetch manifest path-to-regexp@0.1.12
81 silly packumentCache full:https://registry.npmjs.org/path-to-regexp cache-miss
82 silly fetch manifest setprototypeof@1.2.0
83 silly packumentCache full:https://registry.npmjs.org/setprototypeof cache-miss
84 silly fetch manifest cookie-signature@1.0.6
85 silly packumentCache full:https://registry.npmjs.org/cookie-signature cache-miss
86 silly fetch manifest merge-descriptors@1.0.3
87 silly packumentCache full:https://registry.npmjs.org/merge-descriptors cache-miss
88 silly fetch manifest content-disposition@0.5.4
89 silly packumentCache full:https://registry.npmjs.org/content-disposition cache-miss
90 http fetch GET 200 https://registry.npmjs.org/qs 84ms (cache hit)
91 silly packumentCache full:https://registry.npmjs.org/qs set size:264677 disposed:false
92 silly fetch manifest bson@^6.10.1
93 silly packumentCache full:https://registry.npmjs.org/bson cache-miss
94 http fetch GET 200 https://registry.npmjs.org/send 90ms (cache hit)
95 silly packumentCache full:https://registry.npmjs.org/send set size:145447 disposed:false
96 silly fetch manifest kareem@2.6.3
97 silly packumentCache full:https://registry.npmjs.org/kareem cache-miss
98 http fetch GET 200 https://registry.npmjs.org/etag 95ms (cache hit)
99 silly packumentCache full:https://registry.npmjs.org/etag set size:29972 disposed:false
100 silly fetch manifest mongodb@~6.13.0
101 silly packumentCache full:https://registry.npmjs.org/mongodb cache-miss
102 http fetch GET 200 https://registry.npmjs.org/vary 97ms (cache hit)
103 silly packumentCache full:https://registry.npmjs.org/vary set size:15958 disposed:false
104 silly fetch manifest mpath@0.9.0
105 silly packumentCache full:https://registry.npmjs.org/mpath cache-miss
106 http fetch GET 200 https://registry.npmjs.org/fresh 98ms (cache hit)
107 silly packumentCache full:https://registry.npmjs.org/fresh set size:25367 disposed:false
108 silly fetch manifest mquery@5.0.0
109 silly packumentCache full:https://registry.npmjs.org/mquery cache-miss
110 http fetch GET 200 https://registry.npmjs.org/cookie 100ms (cache hit)
111 silly packumentCache full:https://registry.npmjs.org/cookie set size:67120 disposed:false
112 silly fetch manifest sift@17.1.3
113 silly packumentCache full:https://registry.npmjs.org/sift cache-miss
114 http fetch GET 200 https://registry.npmjs.org/methods 103ms (cache hit)
115 silly packumentCache full:https://registry.npmjs.org/methods set size:12540 disposed:false
116 http fetch GET 200 https://registry.npmjs.org/statuses 102ms (cache hit)
117 silly packumentCache full:https://registry.npmjs.org/statuses set size:34272 disposed:false
118 http fetch GET 200 https://registry.npmjs.org/debug 108ms (cache hit)
119 silly packumentCache full:https://registry.npmjs.org/debug set size:191220 disposed:false
120 http fetch GET 200 https://registry.npmjs.org/parseurl 110ms (cache hit)
121 silly packumentCache full:https://registry.npmjs.org/parseurl set size:24088 disposed:false
122 http fetch GET 200 https://registry.npmjs.org/type-is 111ms (cache hit)
123 silly packumentCache full:https://registry.npmjs.org/type-is set size:77081 disposed:false
124 http fetch GET 200 https://registry.npmjs.org/encodeurl 111ms (cache hit)
125 silly packumentCache full:https://registry.npmjs.org/encodeurl set size:12296 disposed:false
126 http fetch GET 200 https://registry.npmjs.org/depd 120ms (cache hit)
127 silly packumentCache full:https://registry.npmjs.org/depd set size:40182 disposed:false
128 http fetch GET 200 https://registry.npmjs.org/accepts 117ms (cache hit)
129 silly packumentCache full:https://registry.npmjs.org/accepts set size:76994 disposed:false
130 http fetch GET 200 https://registry.npmjs.org/escape-html 115ms (cache hit)
131 silly packumentCache full:https://registry.npmjs.org/escape-html set size:7345 disposed:false
132 http fetch GET 200 https://registry.npmjs.org/http-errors 115ms (cache hit)
133 silly packumentCache full:https://registry.npmjs.org/http-errors set size:69476 disposed:false
134 http fetch GET 200 https://registry.npmjs.org/utils-merge 115ms (cache hit)
135 silly packumentCache full:https://registry.npmjs.org/utils-merge set size:5237 disposed:false
136 http fetch GET 200 https://registry.npmjs.org/content-type 114ms (cache hit)
137 silly packumentCache full:https://registry.npmjs.org/content-type set size:17251 disposed:false
138 http fetch GET 200 https://registry.npmjs.org/safe-buffer 118ms (cache hit)
139 silly packumentCache full:https://registry.npmjs.org/safe-buffer set size:41183 disposed:false
140 http fetch GET 200 https://registry.npmjs.org/body-parser 121ms (cache hit)
141 silly packumentCache full:https://registry.npmjs.org/body-parser set size:187323 disposed:false
142 http fetch GET 200 https://registry.npmjs.org/setprototypeof 115ms (cache hit)
143 silly packumentCache full:https://registry.npmjs.org/setprototypeof set size:14532 disposed:false
144 http fetch GET 200 https://registry.npmjs.org/merge-descriptors 114ms (cache hit)
145 silly packumentCache full:https://registry.npmjs.org/merge-descriptors set size:16527 disposed:false
146 http fetch GET 200 https://registry.npmjs.org/finalhandler 122ms (cache hit)
147 silly packumentCache full:https://registry.npmjs.org/finalhandler set size:72238 disposed:false
148 http fetch GET 200 https://registry.npmjs.org/content-disposition 117ms (cache hit)
149 silly packumentCache full:https://registry.npmjs.org/content-disposition set size:26833 disposed:false
150 http fetch GET 200 https://registry.npmjs.org/range-parser 124ms (cache hit)
151 silly packumentCache full:https://registry.npmjs.org/range-parser set size:22168 disposed:false
152 http fetch GET 200 https://registry.npmjs.org/on-finished 130ms (cache hit)
153 silly packumentCache full:https://registry.npmjs.org/on-finished set size:23152 disposed:false
154 http fetch GET 200 https://registry.npmjs.org/proxy-addr 133ms (cache hit)
155 silly packumentCache full:https://registry.npmjs.org/proxy-addr set size:61559 disposed:false
156 http fetch GET 200 https://registry.npmjs.org/serve-static 127ms (cache hit)
157 silly packumentCache full:https://registry.npmjs.org/serve-static set size:144171 disposed:false
158 http fetch GET 200 https://registry.npmjs.org/path-to-regexp 128ms (cache hit)
159 silly packumentCache full:https://registry.npmjs.org/path-to-regexp set size:196655 disposed:false
160 http fetch GET 200 https://registry.npmjs.org/cookie-signature 130ms (cache hit)
161 silly packumentCache full:https://registry.npmjs.org/cookie-signature set size:21777 disposed:false
162 http fetch GET 200 https://registry.npmjs.org/array-flatten 134ms (cache hit)
163 silly packumentCache full:https://registry.npmjs.org/array-flatten set size:24005 disposed:false
164 http fetch GET 200 https://registry.npmjs.org/bson 78ms (cache hit)
165 silly packumentCache full:https://registry.npmjs.org/bson set size:516260 disposed:false
166 http fetch GET 200 https://registry.npmjs.org/mpath 76ms (cache hit)
167 silly packumentCache full:https://registry.npmjs.org/mpath set size:50832 disposed:false
168 http fetch GET 200 https://registry.npmjs.org/mongodb 85ms (cache hit)
169 silly packumentCache full:https://registry.npmjs.org/mongodb set size:2789744 disposed:false
170 http fetch GET 200 https://registry.npmjs.org/kareem 127ms (cache hit)
171 silly packumentCache full:https://registry.npmjs.org/kareem set size:111752 disposed:false
172 http fetch GET 200 https://registry.npmjs.org/mquery 122ms (cache hit)
173 silly packumentCache full:https://registry.npmjs.org/mquery set size:204830 disposed:false
174 http fetch GET 200 https://registry.npmjs.org/sift 121ms (cache hit)
175 silly packumentCache full:https://registry.npmjs.org/sift set size:398463 disposed:false
176 silly placeDep ROOT accepts@1.3.8 OK for: express@4.21.2 want: ~1.3.8
177 silly placeDep ROOT array-flatten@1.1.1 OK for: express@4.21.2 want: 1.1.1
178 silly placeDep ROOT body-parser@1.20.3 OK for: express@4.21.2 want: 1.20.3
179 silly placeDep ROOT content-disposition@0.5.4 OK for: express@4.21.2 want: 0.5.4
180 silly placeDep ROOT content-type@1.0.5 OK for: express@4.21.2 want: ~1.0.4
181 silly placeDep ROOT cookie@0.7.1 OK for: express@4.21.2 want: 0.7.1
182 silly placeDep ROOT cookie-signature@1.0.6 OK for: express@4.21.2 want: 1.0.6
183 silly placeDep node_modules/express debug@2.6.9 OK for: express@4.21.2 want: 2.6.9
184 silly placeDep ROOT depd@2.0.0 OK for: express@4.21.2 want: 2.0.0
185 silly placeDep ROOT encodeurl@2.0.0 OK for: express@4.21.2 want: ~2.0.0
186 silly placeDep ROOT escape-html@1.0.3 OK for: express@4.21.2 want: ~1.0.3
187 silly placeDep ROOT etag@1.8.1 OK for: express@4.21.2 want: ~1.8.1
188 silly placeDep ROOT finalhandler@1.3.1 OK for: express@4.21.2 want: 1.3.1
189 silly placeDep ROOT fresh@0.5.2 OK for: express@4.21.2 want: 0.5.2
190 silly placeDep ROOT http-errors@2.0.0 OK for: express@4.21.2 want: 2.0.0
191 silly placeDep ROOT merge-descriptors@1.0.3 OK for: express@4.21.2 want: 1.0.3
192 silly placeDep ROOT methods@1.1.2 OK for: express@4.21.2 want: ~1.1.2
193 silly placeDep ROOT on-finished@2.4.1 OK for: express@4.21.2 want: 2.4.1
194 silly placeDep ROOT parseurl@1.3.3 OK for: express@4.21.2 want: ~1.3.3
195 silly placeDep ROOT path-to-regexp@0.1.12 OK for: express@4.21.2 want: 0.1.12
196 silly placeDep ROOT proxy-addr@2.0.7 OK for: express@4.21.2 want: ~2.0.7
197 silly placeDep ROOT qs@6.13.0 OK for: express@4.21.2 want: 6.13.0
198 silly placeDep ROOT range-parser@1.2.1 OK for: express@4.21.2 want: ~1.2.1
199 silly placeDep ROOT safe-buffer@5.2.1 OK for: express@4.21.2 want: 5.2.1
200 silly placeDep ROOT send@0.19.0 OK for: express@4.21.2 want: 0.19.0
201 silly placeDep ROOT serve-static@1.16.2 OK for: express@4.21.2 want: 1.16.2
202 silly placeDep ROOT setprototypeof@1.2.0 OK for: express@4.21.2 want: 1.2.0
203 silly placeDep ROOT statuses@2.0.1 OK for: express@4.21.2 want: 2.0.1
204 silly placeDep ROOT type-is@1.6.18 OK for: express@4.21.2 want: ~1.6.18
205 silly placeDep ROOT utils-merge@1.0.1 OK for: express@4.21.2 want: 1.0.1
206 silly placeDep ROOT vary@1.1.2 OK for: express@4.21.2 want: ~1.1.2
207 silly fetch manifest mime-types@~2.1.34
208 silly packumentCache full:https://registry.npmjs.org/mime-types cache-miss
209 silly fetch manifest negotiator@0.6.3
210 silly packumentCache full:https://registry.npmjs.org/negotiator cache-miss
211 silly fetch manifest bytes@3.1.2
212 silly packumentCache full:https://registry.npmjs.org/bytes cache-miss
213 silly fetch manifest unpipe@1.0.0
214 silly packumentCache full:https://registry.npmjs.org/unpipe cache-miss
215 silly fetch manifest destroy@1.2.0
216 silly packumentCache full:https://registry.npmjs.org/destroy cache-miss
217 silly fetch manifest raw-body@2.5.2
218 silly packumentCache full:https://registry.npmjs.org/raw-body cache-miss
219 silly fetch manifest iconv-lite@0.4.24
220 silly packumentCache full:https://registry.npmjs.org/iconv-lite cache-miss
221 silly fetch manifest content-type@~1.0.5
222 silly packumentCache full:https://registry.npmjs.org/content-type cache-hit
223 silly fetch manifest ms@2.0.0
224 silly packumentCache full:https://registry.npmjs.org/ms cache-miss
225 silly fetch manifest unpipe@~1.0.0
226 silly packumentCache full:https://registry.npmjs.org/unpipe cache-miss
227 silly fetch manifest inherits@2.0.4
228 silly packumentCache full:https://registry.npmjs.org/inherits cache-miss
229 silly fetch manifest toidentifier@1.0.1
230 silly packumentCache full:https://registry.npmjs.org/toidentifier cache-miss
231 silly fetch manifest ee-first@1.1.1
232 silly packumentCache full:https://registry.npmjs.org/ee-first cache-miss
233 silly fetch manifest forwarded@0.2.0
234 silly packumentCache full:https://registry.npmjs.org/forwarded cache-miss
235 silly fetch manifest ipaddr.js@1.9.1
236 silly packumentCache full:https://registry.npmjs.org/ipaddr.js cache-miss
237 silly fetch manifest side-channel@^1.0.6
238 silly packumentCache full:https://registry.npmjs.org/side-channel cache-miss
239 silly fetch manifest mime@1.6.0
240 silly packumentCache full:https://registry.npmjs.org/mime cache-miss
241 silly fetch manifest destroy@1.2.0
242 silly packumentCache full:https://registry.npmjs.org/destroy cache-miss
243 silly fetch manifest encodeurl@~1.0.2
244 silly packumentCache full:https://registry.npmjs.org/encodeurl cache-hit
245 silly fetch manifest mime-types@~2.1.24
246 silly packumentCache full:https://registry.npmjs.org/mime-types cache-miss
247 silly fetch manifest media-typer@0.3.0
248 silly packumentCache full:https://registry.npmjs.org/media-typer cache-miss
249 http fetch GET 200 https://registry.npmjs.org/unpipe 66ms (cache hit)
250 silly packumentCache full:https://registry.npmjs.org/unpipe set size:3537 disposed:false
251 http fetch GET 200 https://registry.npmjs.org/negotiator 69ms (cache hit)
252 silly packumentCache full:https://registry.npmjs.org/negotiator set size:47986 disposed:false
253 http fetch GET 200 https://registry.npmjs.org/unpipe 63ms (cache hit)
254 silly packumentCache full:https://registry.npmjs.org/unpipe set size:3537 disposed:false
255 silly packumentCache full:https://registry.npmjs.org/unpipe dispose
256 http fetch GET 200 https://registry.npmjs.org/inherits 63ms (cache hit)
257 silly packumentCache full:https://registry.npmjs.org/inherits set size:12925 disposed:false
258 http fetch GET 200 https://registry.npmjs.org/iconv-lite 68ms (cache hit)
259 silly packumentCache full:https://registry.npmjs.org/iconv-lite set size:115994 disposed:false
260 http fetch GET 200 https://registry.npmjs.org/mime-types 75ms (cache hit)
261 silly packumentCache full:https://registry.npmjs.org/mime-types set size:129792 disposed:false
262 http fetch GET 200 https://registry.npmjs.org/bytes 75ms (cache hit)
263 silly packumentCache full:https://registry.npmjs.org/bytes set size:37018 disposed:false
264 http fetch GET 200 https://registry.npmjs.org/toidentifier 69ms (cache hit)
265 silly packumentCache full:https://registry.npmjs.org/toidentifier set size:12006 disposed:false
266 http fetch GET 200 https://registry.npmjs.org/ms 73ms (cache hit)
267 silly packumentCache full:https://registry.npmjs.org/ms set size:84883 disposed:false
268 http fetch GET 200 https://registry.npmjs.org/side-channel 67ms (cache hit)
269 silly packumentCache full:https://registry.npmjs.org/side-channel set size:24660 disposed:false
270 http fetch GET 200 https://registry.npmjs.org/ee-first 71ms (cache hit)
271 silly packumentCache full:https://registry.npmjs.org/ee-first set size:15327 disposed:false
272 http fetch GET 200 https://registry.npmjs.org/forwarded 72ms (cache hit)
273 silly packumentCache full:https://registry.npmjs.org/forwarded set size:11169 disposed:false
274 http fetch GET 200 https://registry.npmjs.org/ipaddr.js 71ms (cache hit)
275 silly packumentCache full:https://registry.npmjs.org/ipaddr.js set size:65942 disposed:false
276 http fetch GET 200 https://registry.npmjs.org/destroy 64ms (cache hit)
277 silly packumentCache full:https://registry.npmjs.org/destroy set size:15683 disposed:false
278 http fetch GET 200 https://registry.npmjs.org/raw-body 82ms (cache hit)
279 silly packumentCache full:https://registry.npmjs.org/raw-body set size:108717 disposed:false
280 http fetch GET 200 https://registry.npmjs.org/mime-types 66ms (cache hit)
281 silly packumentCache full:https://registry.npmjs.org/mime-types set size:129792 disposed:false
282 silly packumentCache full:https://registry.npmjs.org/mime-types dispose
283 http fetch GET 200 https://registry.npmjs.org/media-typer 67ms (cache hit)
284 silly packumentCache full:https://registry.npmjs.org/media-typer set size:20813 disposed:false
285 http fetch GET 200 https://registry.npmjs.org/mime 77ms (cache hit)
286 silly packumentCache full:https://registry.npmjs.org/mime set size:114268 disposed:false
287 http fetch GET 200 https://registry.npmjs.org/destroy 90ms (cache hit)
288 silly packumentCache full:https://registry.npmjs.org/destroy set size:15683 disposed:false
289 silly packumentCache full:https://registry.npmjs.org/destroy dispose
290 silly placeDep ROOT mime-types@2.1.35 OK for: accepts@1.3.8 want: ~2.1.34
291 silly placeDep ROOT negotiator@0.6.3 OK for: accepts@1.3.8 want: 0.6.3
292 silly fetch manifest mime-db@1.52.0
293 silly packumentCache full:https://registry.npmjs.org/mime-db cache-miss
294 http fetch GET 200 https://registry.npmjs.org/mime-db 4ms (cache hit)
295 silly packumentCache full:https://registry.npmjs.org/mime-db set size:162007 disposed:false
296 silly placeDep ROOT bytes@3.1.2 OK for: body-parser@1.20.3 want: 3.1.2
297 silly placeDep node_modules/body-parser debug@2.6.9 OK for: body-parser@1.20.3 want: 2.6.9
298 silly placeDep ROOT destroy@1.2.0 OK for: body-parser@1.20.3 want: 1.2.0
299 silly placeDep ROOT iconv-lite@0.4.24 OK for: body-parser@1.20.3 want: 0.4.24
300 silly placeDep ROOT raw-body@2.5.2 OK for: body-parser@1.20.3 want: 2.5.2
301 silly placeDep ROOT unpipe@1.0.0 OK for: body-parser@1.20.3 want: 1.0.0
302 silly fetch manifest safer-buffer@>= 2.1.2 < 3
303 silly packumentCache full:https://registry.npmjs.org/safer-buffer cache-miss
304 http fetch GET 200 https://registry.npmjs.org/safer-buffer 7ms (cache hit)
305 silly packumentCache full:https://registry.npmjs.org/safer-buffer set size:18521 disposed:false
306 silly placeDep node_modules/finalhandler debug@2.6.9 OK for: finalhandler@1.3.1 want: 2.6.9
307 silly placeDep ROOT inherits@2.0.4 OK for: http-errors@2.0.0 want: 2.0.4
308 silly placeDep ROOT toidentifier@1.0.1 OK for: http-errors@2.0.0 want: 1.0.1
309 silly placeDep ROOT safer-buffer@2.1.2 OK for: iconv-lite@0.4.24 want: >= 2.1.2 < 3
310 silly placeDep ROOT mime-db@1.52.0 OK for: mime-types@2.1.35 want: 1.52.0
311 silly fetch manifest @aws-sdk/credential-providers@^3.632.0
312 silly packumentCache full:https://registry.npmjs.org/@aws-sdk%2fcredential-providers cache-miss
313 http fetch GET 200 https://registry.npmjs.org/@aws-sdk%2fcredential-providers 6ms (cache hit)
314 silly packumentCache full:https://registry.npmjs.org/@aws-sdk%2fcredential-providers set size:1437626 disposed:false
315 silly fetch manifest @mongodb-js/zstd@^1.1.0 || ^2.0.0
316 silly packumentCache full:https://registry.npmjs.org/@mongodb-js%2fzstd cache-miss
317 http fetch GET 200 https://registry.npmjs.org/@mongodb-js%2fzstd 3ms (cache hit)
318 silly packumentCache full:https://registry.npmjs.org/@mongodb-js%2fzstd set size:86948 disposed:false
319 silly fetch manifest gcp-metadata@^5.2.0
320 silly packumentCache full:https://registry.npmjs.org/gcp-metadata cache-miss
321 http fetch GET 200 https://registry.npmjs.org/gcp-metadata 7ms (cache hit)
322 silly packumentCache full:https://registry.npmjs.org/gcp-metadata set size:164335 disposed:false
323 silly fetch manifest kerberos@^2.0.1
324 silly packumentCache full:https://registry.npmjs.org/kerberos cache-miss
325 http fetch GET 200 https://registry.npmjs.org/kerberos 3ms (cache hit)
326 silly packumentCache full:https://registry.npmjs.org/kerberos set size:107989 disposed:false
327 silly fetch manifest mongodb-client-encryption@>=6.0.0 <7
328 silly packumentCache full:https://registry.npmjs.org/mongodb-client-encryption cache-miss
329 http fetch GET 200 https://registry.npmjs.org/mongodb-client-encryption 3ms (cache hit)
330 silly packumentCache full:https://registry.npmjs.org/mongodb-client-encryption set size:241359 disposed:false
331 silly fetch manifest snappy@^7.2.2
332 silly packumentCache full:https://registry.npmjs.org/snappy cache-miss
333 http fetch GET 200 https://registry.npmjs.org/snappy 3ms (cache hit)
334 silly packumentCache full:https://registry.npmjs.org/snappy set size:164250 disposed:false
335 silly fetch manifest socks@^2.7.1
336 silly packumentCache full:https://registry.npmjs.org/socks cache-miss
337 http fetch GET 200 https://registry.npmjs.org/socks 3ms (cache hit)
338 silly packumentCache full:https://registry.npmjs.org/socks set size:161595 disposed:false
339 silly placeDep ROOT bson@6.10.3 OK for: mongoose@8.10.1 want: ^6.10.1
340 silly placeDep ROOT kareem@2.6.3 OK for: mongoose@8.10.1 want: 2.6.3
341 silly placeDep ROOT mongodb@6.13.1 OK for: mongoose@8.10.1 want: ~6.13.0
342 silly placeDep ROOT mpath@0.9.0 OK for: mongoose@8.10.1 want: 0.9.0
343 silly placeDep ROOT mquery@5.0.0 OK for: mongoose@8.10.1 want: 5.0.0
344 silly placeDep ROOT sift@17.1.3 OK for: mongoose@8.10.1 want: 17.1.3
345 silly fetch manifest @mongodb-js/saslprep@^1.1.9
346 silly packumentCache full:https://registry.npmjs.org/@mongodb-js%2fsaslprep cache-miss
347 silly fetch manifest mongodb-connection-string-url@^3.0.0
348 silly packumentCache full:https://registry.npmjs.org/mongodb-connection-string-url cache-miss
349 http fetch GET 200 https://registry.npmjs.org/@mongodb-js%2fsaslprep 6ms (cache hit)
350 silly packumentCache full:https://registry.npmjs.org/@mongodb-js%2fsaslprep set size:51356 disposed:false
351 http fetch GET 200 https://registry.npmjs.org/mongodb-connection-string-url 6ms (cache hit)
352 silly packumentCache full:https://registry.npmjs.org/mongodb-connection-string-url set size:115682 disposed:false
353 silly placeDep ROOT @mongodb-js/saslprep@1.2.0 OK for: mongodb@6.13.1 want: ^1.1.9
354 silly placeDep ROOT mongodb-connection-string-url@3.0.2 OK for: mongodb@6.13.1 want: ^3.0.0
355 silly fetch manifest sparse-bitfield@^3.0.3
356 silly packumentCache full:https://registry.npmjs.org/sparse-bitfield cache-miss
357 silly fetch manifest whatwg-url@^14.1.0 || ^13.0.0
358 silly packumentCache full:https://registry.npmjs.org/whatwg-url cache-miss
359 silly fetch manifest @types/whatwg-url@^11.0.2
360 silly packumentCache full:https://registry.npmjs.org/@types%2fwhatwg-url cache-miss
361 http fetch GET 200 https://registry.npmjs.org/sparse-bitfield 8ms (cache hit)
362 silly packumentCache full:https://registry.npmjs.org/sparse-bitfield set size:18366 disposed:false
363 http fetch GET 200 https://registry.npmjs.org/@types%2fwhatwg-url 7ms (cache hit)
364 silly packumentCache full:https://registry.npmjs.org/@types%2fwhatwg-url set size:25733 disposed:false
365 http fetch GET 200 https://registry.npmjs.org/whatwg-url 10ms (cache hit)
366 silly packumentCache full:https://registry.npmjs.org/whatwg-url set size:158204 disposed:false
367 silly placeDep ROOT sparse-bitfield@3.0.3 OK for: @mongodb-js/saslprep@1.2.0 want: ^3.0.3
368 silly fetch manifest memory-pager@^1.0.2
369 silly packumentCache full:https://registry.npmjs.org/memory-pager cache-miss
370 http fetch GET 200 https://registry.npmjs.org/memory-pager 6ms (cache hit)
371 silly packumentCache full:https://registry.npmjs.org/memory-pager set size:21090 disposed:false
372 silly placeDep ROOT @types/whatwg-url@11.0.5 OK for: mongodb-connection-string-url@3.0.2 want: ^11.0.2
373 silly placeDep ROOT whatwg-url@14.1.1 OK for: mongodb-connection-string-url@3.0.2 want: ^14.1.0 || ^13.0.0
374 silly fetch manifest @types/webidl-conversions@*
375 silly packumentCache full:https://registry.npmjs.org/@types%2fwebidl-conversions cache-miss
376 silly fetch manifest tr46@^5.0.0
377 silly packumentCache full:https://registry.npmjs.org/tr46 cache-miss
378 silly fetch manifest webidl-conversions@^7.0.0
379 silly packumentCache full:https://registry.npmjs.org/webidl-conversions cache-miss
380 http fetch GET 200 https://registry.npmjs.org/@types%2fwebidl-conversions 7ms (cache hit)
381 silly packumentCache full:https://registry.npmjs.org/@types%2fwebidl-conversions set size:22919 disposed:false
382 http fetch GET 200 https://registry.npmjs.org/tr46 7ms (cache hit)
383 silly packumentCache full:https://registry.npmjs.org/tr46 set size:41044 disposed:false
384 http fetch GET 200 https://registry.npmjs.org/webidl-conversions 8ms (cache hit)
385 silly packumentCache full:https://registry.npmjs.org/webidl-conversions set size:41857 disposed:false
386 silly placeDep ROOT @types/webidl-conversions@7.0.3 OK for: @types/whatwg-url@11.0.5 want: *
387 silly placeDep ROOT ee-first@1.1.1 OK for: on-finished@2.4.1 want: 1.1.1
388 silly placeDep ROOT forwarded@0.2.0 OK for: proxy-addr@2.0.7 want: 0.2.0
389 silly placeDep ROOT ipaddr.js@1.9.1 OK for: proxy-addr@2.0.7 want: 1.9.1
390 silly placeDep ROOT side-channel@1.1.0 OK for: qs@6.13.0 want: ^1.0.6
391 silly fetch manifest es-errors@^1.3.0
392 silly packumentCache full:https://registry.npmjs.org/es-errors cache-miss
393 silly fetch manifest object-inspect@^1.13.3
394 silly packumentCache full:https://registry.npmjs.org/object-inspect cache-miss
395 silly fetch manifest side-channel-list@^1.0.0
396 silly packumentCache full:https://registry.npmjs.org/side-channel-list cache-miss
397 silly fetch manifest side-channel-map@^1.0.1
398 silly packumentCache full:https://registry.npmjs.org/side-channel-map cache-miss
399 silly fetch manifest side-channel-weakmap@^1.0.2
400 silly packumentCache full:https://registry.npmjs.org/side-channel-weakmap cache-miss
401 http fetch GET 200 https://registry.npmjs.org/es-errors 18ms (cache hit)
402 silly packumentCache full:https://registry.npmjs.org/es-errors set size:16918 disposed:false
403 http fetch GET 200 https://registry.npmjs.org/object-inspect 19ms (cache hit)
404 silly packumentCache full:https://registry.npmjs.org/object-inspect set size:101912 disposed:false
405 http fetch GET 200 https://registry.npmjs.org/side-channel-map 18ms (cache hit)
406 silly packumentCache full:https://registry.npmjs.org/side-channel-map set size:9126 disposed:false
407 http fetch GET 200 https://registry.npmjs.org/side-channel-list 20ms (cache hit)
408 silly packumentCache full:https://registry.npmjs.org/side-channel-list set size:6005 disposed:false
409 http fetch GET 200 https://registry.npmjs.org/side-channel-weakmap 19ms (cache hit)
410 silly packumentCache full:https://registry.npmjs.org/side-channel-weakmap set size:12620 disposed:false
411 silly placeDep node_modules/send debug@2.6.9 OK for: send@0.19.0 want: 2.6.9
412 silly placeDep node_modules/send encodeurl@1.0.2 OK for: send@0.19.0 want: ~1.0.2
413 silly placeDep ROOT mime@1.6.0 OK for: send@0.19.0 want: 1.6.0
414 silly placeDep ROOT es-errors@1.3.0 OK for: side-channel@1.1.0 want: ^1.3.0
415 silly placeDep ROOT object-inspect@1.13.4 OK for: side-channel@1.1.0 want: ^1.13.3
416 silly placeDep ROOT side-channel-list@1.0.0 OK for: side-channel@1.1.0 want: ^1.0.0
417 silly placeDep ROOT side-channel-map@1.0.1 OK for: side-channel@1.1.0 want: ^1.0.1
418 silly placeDep ROOT side-channel-weakmap@1.0.2 OK for: side-channel@1.1.0 want: ^1.0.2
419 silly fetch manifest call-bound@^1.0.2
420 silly packumentCache full:https://registry.npmjs.org/call-bound cache-miss
421 silly fetch manifest get-intrinsic@^1.2.5
422 silly packumentCache full:https://registry.npmjs.org/get-intrinsic cache-miss
423 silly fetch manifest call-bound@^1.0.2
424 silly packumentCache full:https://registry.npmjs.org/call-bound cache-miss
425 silly fetch manifest get-intrinsic@^1.2.5
426 silly packumentCache full:https://registry.npmjs.org/get-intrinsic cache-miss
427 http fetch GET 200 https://registry.npmjs.org/call-bound 13ms (cache hit)
428 silly packumentCache full:https://registry.npmjs.org/call-bound set size:12171 disposed:false
429 http fetch GET 200 https://registry.npmjs.org/get-intrinsic 13ms (cache hit)
430 silly packumentCache full:https://registry.npmjs.org/get-intrinsic set size:57687 disposed:false
431 http fetch GET 200 https://registry.npmjs.org/get-intrinsic 12ms (cache hit)
432 silly packumentCache full:https://registry.npmjs.org/get-intrinsic set size:57687 disposed:false
433 silly packumentCache full:https://registry.npmjs.org/get-intrinsic dispose
434 http fetch GET 200 https://registry.npmjs.org/call-bound 14ms (cache hit)
435 silly packumentCache full:https://registry.npmjs.org/call-bound set size:12171 disposed:false
436 silly packumentCache full:https://registry.npmjs.org/call-bound dispose
437 silly placeDep ROOT call-bound@1.0.3 OK for: side-channel-map@1.0.1 want: ^1.0.2
438 silly placeDep ROOT get-intrinsic@1.3.0 OK for: side-channel-map@1.0.1 want: ^1.2.5
439 silly fetch manifest call-bind-apply-helpers@^1.0.1
440 silly packumentCache full:https://registry.npmjs.org/call-bind-apply-helpers cache-miss
441 silly fetch manifest get-intrinsic@^1.2.6
442 silly packumentCache full:https://registry.npmjs.org/get-intrinsic cache-hit
443 silly fetch manifest call-bind-apply-helpers@^1.0.2
444 silly packumentCache full:https://registry.npmjs.org/call-bind-apply-helpers cache-miss
445 silly fetch manifest es-define-property@^1.0.1
446 silly packumentCache full:https://registry.npmjs.org/es-define-property cache-miss
447 silly fetch manifest es-object-atoms@^1.1.1
448 silly packumentCache full:https://registry.npmjs.org/es-object-atoms cache-miss
449 silly fetch manifest function-bind@^1.1.2
450 silly packumentCache full:https://registry.npmjs.org/function-bind cache-miss
451 silly fetch manifest get-proto@^1.0.1
452 silly packumentCache full:https://registry.npmjs.org/get-proto cache-miss
453 silly fetch manifest gopd@^1.2.0
454 silly packumentCache full:https://registry.npmjs.org/gopd cache-miss
455 silly fetch manifest has-symbols@^1.1.0
456 silly packumentCache full:https://registry.npmjs.org/has-symbols cache-miss
457 silly fetch manifest hasown@^2.0.2
458 silly packumentCache full:https://registry.npmjs.org/hasown cache-miss
459 silly fetch manifest math-intrinsics@^1.1.0
460 silly packumentCache full:https://registry.npmjs.org/math-intrinsics cache-miss
461 http fetch GET 200 https://registry.npmjs.org/call-bind-apply-helpers 31ms (cache hit)
462 silly packumentCache full:https://registry.npmjs.org/call-bind-apply-helpers set size:12744 disposed:false
463 http fetch GET 200 https://registry.npmjs.org/es-object-atoms 31ms (cache hit)
464 silly packumentCache full:https://registry.npmjs.org/es-object-atoms set size:15304 disposed:false
465 http fetch GET 200 https://registry.npmjs.org/es-define-property 33ms (cache hit)
466 silly packumentCache full:https://registry.npmjs.org/es-define-property set size:8542 disposed:false
467 http fetch GET 200 https://registry.npmjs.org/hasown 28ms (cache hit)
468 silly packumentCache full:https://registry.npmjs.org/hasown set size:12476 disposed:false
469 http fetch GET 200 https://registry.npmjs.org/gopd 31ms (cache hit)
470 silly packumentCache full:https://registry.npmjs.org/gopd set size:11458 disposed:false
471 http fetch GET 200 https://registry.npmjs.org/get-proto 32ms (cache hit)
472 silly packumentCache full:https://registry.npmjs.org/get-proto set size:8300 disposed:false
473 http fetch GET 200 https://registry.npmjs.org/function-bind 34ms (cache hit)
474 silly packumentCache full:https://registry.npmjs.org/function-bind set size:15733 disposed:false
475 http fetch GET 200 https://registry.npmjs.org/call-bind-apply-helpers 39ms (cache hit)
476 silly packumentCache full:https://registry.npmjs.org/call-bind-apply-helpers set size:12744 disposed:false
477 silly packumentCache full:https://registry.npmjs.org/call-bind-apply-helpers dispose
478 http fetch GET 200 https://registry.npmjs.org/math-intrinsics 31ms (cache hit)
479 silly packumentCache full:https://registry.npmjs.org/math-intrinsics set size:9265 disposed:false
480 http fetch GET 200 https://registry.npmjs.org/has-symbols 33ms (cache hit)
481 silly packumentCache full:https://registry.npmjs.org/has-symbols set size:21550 disposed:false
482 silly placeDep ROOT call-bind-apply-helpers@1.0.2 OK for: call-bound@1.0.3 want: ^1.0.1
483 silly placeDep ROOT function-bind@1.1.2 OK for: call-bind-apply-helpers@1.0.2 want: ^1.1.2
484 silly placeDep ROOT es-define-property@1.0.1 OK for: get-intrinsic@1.3.0 want: ^1.0.1
485 silly placeDep ROOT es-object-atoms@1.1.1 OK for: get-intrinsic@1.3.0 want: ^1.1.1
486 silly placeDep ROOT get-proto@1.0.1 OK for: get-intrinsic@1.3.0 want: ^1.0.1
487 silly placeDep ROOT gopd@1.2.0 OK for: get-intrinsic@1.3.0 want: ^1.2.0
488 silly placeDep ROOT has-symbols@1.1.0 OK for: get-intrinsic@1.3.0 want: ^1.1.0
489 silly placeDep ROOT hasown@2.0.2 OK for: get-intrinsic@1.3.0 want: ^2.0.2
490 silly placeDep ROOT math-intrinsics@1.1.0 OK for: get-intrinsic@1.3.0 want: ^1.1.0
491 silly fetch manifest dunder-proto@^1.0.1
492 silly packumentCache full:https://registry.npmjs.org/dunder-proto cache-miss
493 http fetch GET 200 https://registry.npmjs.org/dunder-proto 4ms (cache hit)
494 silly packumentCache full:https://registry.npmjs.org/dunder-proto set size:8256 disposed:false
495 silly placeDep ROOT dunder-proto@1.0.1 OK for: get-proto@1.0.1 want: ^1.0.1
496 silly placeDep ROOT memory-pager@1.5.0 OK for: sparse-bitfield@3.0.3 want: ^1.0.2
497 silly placeDep ROOT media-typer@0.3.0 OK for: type-is@1.6.18 want: 0.3.0
498 silly placeDep ROOT tr46@5.0.0 OK for: whatwg-url@14.1.1 want: ^5.0.0
499 silly placeDep ROOT webidl-conversions@7.0.0 OK for: whatwg-url@14.1.1 want: ^7.0.0
500 silly fetch manifest punycode@^2.3.1
501 silly packumentCache full:https://registry.npmjs.org/punycode cache-miss
502 http fetch GET 200 https://registry.npmjs.org/punycode 8ms (cache hit)
503 silly packumentCache full:https://registry.npmjs.org/punycode set size:61302 disposed:false
504 silly placeDep ROOT punycode@2.3.1 OK for: tr46@5.0.0 want: ^2.3.1
505 silly placeDep node_modules/body-parser ms@2.0.0 OK for: debug@2.6.9 want: 2.0.0
506 silly placeDep node_modules/express ms@2.0.0 OK for: debug@2.6.9 want: 2.0.0
507 silly placeDep node_modules/finalhandler ms@2.0.0 OK for: debug@2.6.9 want: 2.0.0
508 silly placeDep node_modules/send/node_modules/debug ms@2.0.0 OK for: debug@2.6.9 want: 2.0.0
509 silly reify moves {}
510 silly audit bulk request {
510 silly audit   anymatch: [ '3.1.3' ],
510 silly audit   'balanced-match': [ '1.0.2' ],
510 silly audit   'binary-extensions': [ '2.3.0' ],
510 silly audit   'brace-expansion': [ '1.1.11' ],
510 silly audit   braces: [ '3.0.3' ],
510 silly audit   chokidar: [ '3.6.0' ],
510 silly audit   'concat-map': [ '0.0.1' ],
510 silly audit   debug: [ '4.4.0', '2.6.9' ],
510 silly audit   'fill-range': [ '7.1.1' ],
510 silly audit   fsevents: [ '2.3.3' ],
510 silly audit   'glob-parent': [ '5.1.2' ],
510 silly audit   'has-flag': [ '3.0.0' ],
510 silly audit   'ignore-by-default': [ '1.0.1' ],
510 silly audit   'is-binary-path': [ '2.1.0' ],
510 silly audit   'is-extglob': [ '2.1.1' ],
510 silly audit   'is-glob': [ '4.0.3' ],
510 silly audit   'is-number': [ '7.0.0' ],
510 silly audit   minimatch: [ '3.1.2' ],
510 silly audit   ms: [ '2.1.3', '2.0.0' ],
510 silly audit   nodemon: [ '3.1.9' ],
510 silly audit   'normalize-path': [ '3.0.0' ],
510 silly audit   picomatch: [ '2.3.1' ],
510 silly audit   'pstree.remy': [ '1.1.8' ],
510 silly audit   readdirp: [ '3.6.0' ],
510 silly audit   semver: [ '7.7.1' ],
510 silly audit   'simple-update-notifier': [ '2.0.0' ],
510 silly audit   'supports-color': [ '5.5.0' ],
510 silly audit   'to-regex-range': [ '5.0.1' ],
510 silly audit   touch: [ '3.1.1' ],
510 silly audit   undefsafe: [ '2.0.5' ],
510 silly audit   dotenv: [ '16.4.7' ],
510 silly audit   express: [ '4.21.2' ],
510 silly audit   mongoose: [ '8.10.1' ],
510 silly audit   accepts: [ '1.3.8' ],
510 silly audit   'array-flatten': [ '1.1.1' ],
510 silly audit   'body-parser': [ '1.20.3' ],
510 silly audit   'content-disposition': [ '0.5.4' ],
510 silly audit   'content-type': [ '1.0.5' ],
510 silly audit   cookie: [ '0.7.1' ],
510 silly audit   'cookie-signature': [ '1.0.6' ],
510 silly audit   depd: [ '2.0.0' ],
510 silly audit   encodeurl: [ '2.0.0', '1.0.2' ],
510 silly audit   'escape-html': [ '1.0.3' ],
510 silly audit   etag: [ '1.8.1' ],
510 silly audit   finalhandler: [ '1.3.1' ],
510 silly audit   fresh: [ '0.5.2' ],
510 silly audit   'http-errors': [ '2.0.0' ],
510 silly audit   'merge-descriptors': [ '1.0.3' ],
510 silly audit   methods: [ '1.1.2' ],
510 silly audit   'on-finished': [ '2.4.1' ],
510 silly audit   parseurl: [ '1.3.3' ],
510 silly audit   'path-to-regexp': [ '0.1.12' ],
510 silly audit   'proxy-addr': [ '2.0.7' ],
510 silly audit   qs: [ '6.13.0' ],
510 silly audit   'range-parser': [ '1.2.1' ],
510 silly audit   'safe-buffer': [ '5.2.1' ],
510 silly audit   send: [ '0.19.0' ],
510 silly audit   'serve-static': [ '1.16.2' ],
510 silly audit   setprototypeof: [ '1.2.0' ],
510 silly audit   statuses: [ '2.0.1' ],
510 silly audit   'type-is': [ '1.6.18' ],
510 silly audit   'utils-merge': [ '1.0.1' ],
510 silly audit   vary: [ '1.1.2' ],
510 silly audit   'mime-types': [ '2.1.35' ],
510 silly audit   negotiator: [ '0.6.3' ],
510 silly audit   bytes: [ '3.1.2' ],
510 silly audit   destroy: [ '1.2.0' ],
510 silly audit   'iconv-lite': [ '0.4.24' ],
510 silly audit   'raw-body': [ '2.5.2' ],
510 silly audit   unpipe: [ '1.0.0' ],
510 silly audit   inherits: [ '2.0.4' ],
510 silly audit   toidentifier: [ '1.0.1' ],
510 silly audit   'safer-buffer': [ '2.1.2' ],
510 silly audit   'mime-db': [ '1.52.0' ],
510 silly audit   bson: [ '6.10.3' ],
510 silly audit   kareem: [ '2.6.3' ],
510 silly audit   mongodb: [ '6.13.1' ],
510 silly audit   mpath: [ '0.9.0' ],
510 silly audit   mquery: [ '5.0.0' ],
510 silly audit   sift: [ '17.1.3' ],
510 silly audit   '@mongodb-js/saslprep': [ '1.2.0' ],
510 silly audit   'mongodb-connection-string-url': [ '3.0.2' ],
510 silly audit   'sparse-bitfield': [ '3.0.3' ],
510 silly audit   '@types/whatwg-url': [ '11.0.5' ],
510 silly audit   'whatwg-url': [ '14.1.1' ],
510 silly audit   '@types/webidl-conversions': [ '7.0.3' ],
510 silly audit   'ee-first': [ '1.1.1' ],
510 silly audit   forwarded: [ '0.2.0' ],
510 silly audit   'ipaddr.js': [ '1.9.1' ],
510 silly audit   'side-channel': [ '1.1.0' ],
510 silly audit   mime: [ '1.6.0' ],
510 silly audit   'es-errors': [ '1.3.0' ],
510 silly audit   'object-inspect': [ '1.13.4' ],
510 silly audit   'side-channel-list': [ '1.0.0' ],
510 silly audit   'side-channel-map': [ '1.0.1' ],
510 silly audit   'side-channel-weakmap': [ '1.0.2' ],
510 silly audit   'call-bound': [ '1.0.3' ],
510 silly audit   'get-intrinsic': [ '1.3.0' ],
510 silly audit   'call-bind-apply-helpers': [ '1.0.2' ],
510 silly audit   'function-bind': [ '1.1.2' ],
510 silly audit   'es-define-property': [ '1.0.1' ],
510 silly audit   'es-object-atoms': [ '1.1.1' ],
510 silly audit   'get-proto': [ '1.0.1' ],
510 silly audit   gopd: [ '1.2.0' ],
510 silly audit   'has-symbols': [ '1.1.0' ],
510 silly audit   hasown: [ '2.0.2' ],
510 silly audit   'math-intrinsics': [ '1.1.0' ],
510 silly audit   'dunder-proto': [ '1.0.1' ],
510 silly audit   'memory-pager': [ '1.5.0' ],
510 silly audit   'media-typer': [ '0.3.0' ],
510 silly audit   tr46: [ '5.0.0' ],
510 silly audit   'webidl-conversions': [ '7.0.0' ],
510 silly audit   punycode: [ '2.3.1' ]
510 silly audit }
511 verbose reify failed optional dependency /root/node_modules/fsevents
512 silly reify mark deleted [ '/root/node_modules/fsevents' ]
513 http fetch POST 200 https://registry.npmjs.org/-/npm/v1/security/advisories/bulk 385ms
514 silly audit report {}
515 silly ADD node_modules/punycode
516 silly ADD node_modules/webidl-conversions
517 silly ADD node_modules/tr46
518 silly ADD node_modules/media-typer
519 silly ADD node_modules/memory-pager
520 silly ADD node_modules/dunder-proto
521 silly ADD node_modules/math-intrinsics
522 silly ADD node_modules/hasown
523 silly ADD node_modules/has-symbols
524 silly ADD node_modules/gopd
525 silly ADD node_modules/get-proto
526 silly ADD node_modules/es-object-atoms
527 silly ADD node_modules/es-define-property
528 silly ADD node_modules/function-bind
529 silly ADD node_modules/call-bind-apply-helpers
530 silly ADD node_modules/get-intrinsic
531 silly ADD node_modules/call-bound
532 silly ADD node_modules/side-channel-weakmap
533 silly ADD node_modules/side-channel-map
534 silly ADD node_modules/side-channel-list
535 silly ADD node_modules/object-inspect
536 silly ADD node_modules/es-errors
537 silly ADD node_modules/mime
538 silly ADD node_modules/side-channel
539 silly ADD node_modules/ipaddr.js
540 silly ADD node_modules/forwarded
541 silly ADD node_modules/ee-first
542 silly ADD node_modules/@types/webidl-conversions
543 silly ADD node_modules/whatwg-url
544 silly ADD node_modules/@types/whatwg-url
545 silly ADD node_modules/sparse-bitfield
546 silly ADD node_modules/mongodb-connection-string-url
547 silly ADD node_modules/@mongodb-js/saslprep
548 silly ADD node_modules/sift
549 silly ADD node_modules/mquery
550 silly ADD node_modules/mpath
551 silly ADD node_modules/mongodb
552 silly ADD node_modules/kareem
553 silly ADD node_modules/bson
554 silly ADD node_modules/mime-db
555 silly ADD node_modules/safer-buffer
556 silly ADD node_modules/toidentifier
557 silly ADD node_modules/inherits
558 silly ADD node_modules/unpipe
559 silly ADD node_modules/raw-body
560 silly ADD node_modules/iconv-lite
561 silly ADD node_modules/destroy
562 silly ADD node_modules/bytes
563 silly ADD node_modules/negotiator
564 silly ADD node_modules/mime-types
565 silly ADD node_modules/vary
566 silly ADD node_modules/utils-merge
567 silly ADD node_modules/type-is
568 silly ADD node_modules/statuses
569 silly ADD node_modules/setprototypeof
570 silly ADD node_modules/serve-static
571 silly ADD node_modules/send
572 silly ADD node_modules/send/node_modules/encodeurl
573 silly ADD node_modules/send/node_modules/debug
574 silly ADD node_modules/send/node_modules/debug/node_modules/ms
575 silly ADD node_modules/safe-buffer
576 silly ADD node_modules/range-parser
577 silly ADD node_modules/qs
578 silly ADD node_modules/proxy-addr
579 silly ADD node_modules/path-to-regexp
580 silly ADD node_modules/parseurl
581 silly ADD node_modules/on-finished
582 silly ADD node_modules/methods
583 silly ADD node_modules/merge-descriptors
584 silly ADD node_modules/http-errors
585 silly ADD node_modules/fresh
586 silly ADD node_modules/finalhandler
587 silly ADD node_modules/finalhandler/node_modules/ms
588 silly ADD node_modules/finalhandler/node_modules/debug
589 silly ADD node_modules/etag
590 silly ADD node_modules/escape-html
591 silly ADD node_modules/encodeurl
592 silly ADD node_modules/depd
593 silly ADD node_modules/cookie-signature
594 silly ADD node_modules/cookie
595 silly ADD node_modules/content-type
596 silly ADD node_modules/content-disposition
597 silly ADD node_modules/body-parser
598 silly ADD node_modules/body-parser/node_modules/ms
599 silly ADD node_modules/body-parser/node_modules/debug
600 silly ADD node_modules/array-flatten
601 silly ADD node_modules/accepts
602 silly ADD node_modules/mongoose
603 silly ADD node_modules/express
604 silly ADD node_modules/express/node_modules/ms
605 silly ADD node_modules/express/node_modules/debug
606 silly ADD node_modules/dotenv
607 silly ADD
608 verbose cwd /root
609 verbose os Linux 5.4.0-99-generic
610 verbose node v18.20.7
611 verbose npm  v10.8.2
612 verbose exit 0
613 info ok
